2024-09-26 14:58:19,239 [Worker-3: Loading available Gradle versions] INFO  o.e.b.c.i.u.g.PublishedGradleVersions - Gradle version information cache is up-to-date. Trying to read.
2024-09-26 15:08:02,644 [Worker-3: Import Getting Started Content] INFO  o.e.m.c.i.l.LifecycleMappingFactory - Using org.eclipse.m2e.jdt.JarLifecycleMapping lifecycle mapping for MavenProject: com.employee.www:Employee-Backend:0.0.1-SNAPSHOT @ H:\PROJECTS\EMPLOYEE-MANAGAMENT-SYSTEM\SpringBoot-BackEnd\Employee-Backend\pom.xml.
2024-09-26 15:08:05,774 [Worker-3: Import Getting Started Content] INFO  o.e.m.j.i.AbstractJavaProjectConfigurator - Adding source folder /Employee-Backend/src/main/java
2024-09-26 15:08:05,778 [Worker-3: Import Getting Started Content] INFO  o.e.m.j.i.AbstractJavaProjectConfigurator - Adding resource folder /Employee-Backend/src/main/resources
2024-09-26 15:08:05,785 [Worker-3: Import Getting Started Content] INFO  o.e.m.j.i.AbstractJavaProjectConfigurator - Adding resource folder /Employee-Backend/src/main/resources
2024-09-26 15:08:05,791 [Worker-3: Import Getting Started Content] INFO  o.e.m.j.i.AbstractJavaProjectConfigurator - Adding source folder /Employee-Backend/src/test/java
2024-09-26 15:08:05,793 [Worker-3: Import Getting Started Content] INFO  o.e.m.j.i.AbstractJavaProjectConfigurator - Adding resource folder /Employee-Backend/src/test/resources
2024-09-26 15:08:07,106 [Worker-3: Import Getting Started Content] INFO  o.e.m.c.i.p.ProjectConfigurationManager - Imported and configured 1 project(s) in 8 sec
2024-09-26 15:08:07,129 [Worker-3: Import Getting Started Content] INFO  o.e.m.c.i.p.ProjectConfigurationManager - Update started
2024-09-26 15:08:08,359 [Worker-3: Import Getting Started Content] INFO  o.e.m.c.i.l.LifecycleMappingFactory - Using org.eclipse.m2e.jdt.JarLifecycleMapping lifecycle mapping for MavenProject: com.employee.www:Employee-Backend:0.0.1-SNAPSHOT @ H:\PROJECTS\EMPLOYEE-MANAGAMENT-SYSTEM\SpringBoot-BackEnd\Employee-Backend\pom.xml.
2024-09-26 15:08:10,517 [Worker-3: Import Getting Started Content] INFO  o.e.m.j.i.AbstractJavaProjectConfigurator - Adding source folder /Employee-Backend/src/main/java
2024-09-26 15:08:10,519 [Worker-3: Import Getting Started Content] INFO  o.e.m.j.i.AbstractJavaProjectConfigurator - Adding resource folder /Employee-Backend/src/main/resources
2024-09-26 15:08:10,521 [Worker-3: Import Getting Started Content] INFO  o.e.m.j.i.AbstractJavaProjectConfigurator - Adding resource folder /Employee-Backend/src/main/resources
2024-09-26 15:08:10,522 [Worker-3: Import Getting Started Content] INFO  o.e.m.j.i.AbstractJavaProjectConfigurator - Adding source folder /Employee-Backend/src/test/java
2024-09-26 15:08:10,524 [Worker-3: Import Getting Started Content] INFO  o.e.m.j.i.AbstractJavaProjectConfigurator - Adding resource folder /Employee-Backend/src/test/resources
2024-09-26 15:08:11,738 [Worker-3: Import Getting Started Content] INFO  o.e.m.c.i.p.ProjectConfigurationManager - Update completed for 1 poms: local refresh takes 0.00 sec, refresh facades takes 3.00 sec, update config takes 1.00 sec 
2024-09-26 15:08:13,182 [Worker-16: Building] INFO  o.a.m.s.f.DefaultMavenResourcesFiltering - Copying 1 resource from src\main\resources to target\classes
2024-09-26 15:08:13,277 [Worker-16: Building] INFO  o.a.m.s.f.DefaultMavenResourcesFiltering - Copying 0 resource from src\main\resources to target\classes
2024-09-26 15:08:13,288 [Worker-16: Building] INFO  o.a.m.s.f.DefaultMavenResourcesFiltering - skip non existing resourceDirectory H:\PROJECTS\EMPLOYEE-MANAGAMENT-SYSTEM\SpringBoot-BackEnd\Employee-Backend\src\test\resources
2024-09-26 15:18:13,726 [Worker-18: Building] INFO  o.a.m.s.f.DefaultMavenResourcesFiltering - Copying 1 resource from src\main\resources to target\classes
2024-09-26 15:18:13,730 [Worker-18: Building] INFO  o.a.m.s.f.DefaultMavenResourcesFiltering - Copying 0 resource from src\main\resources to target\classes
2024-09-26 15:18:13,738 [Worker-18: Building] INFO  o.a.m.s.f.DefaultMavenResourcesFiltering - skip non existing resourceDirectory H:\PROJECTS\EMPLOYEE-MANAGAMENT-SYSTEM\SpringBoot-BackEnd\Employee-Backend\src\test\resources
2024-09-26 15:20:56,071 [Worker-21: Import Getting Started Content] INFO  o.e.m.c.i.l.LifecycleMappingFactory - Using org.eclipse.m2e.jdt.JarLifecycleMapping lifecycle mapping for MavenProject: com.employee.www:Employee-Backend:0.0.1-SNAPSHOT @ H:\PROJECTS\EMPLOYEE-MANAGAMENT-SYSTEM\SpringBoot-BackEnd\Employee-Backend\pom.xml.
2024-09-26 15:21:00,134 [Worker-21: Import Getting Started Content] INFO  o.e.m.j.i.AbstractJavaProjectConfigurator - Adding source folder /Employee-Backend/src/main/java
2024-09-26 15:21:00,135 [Worker-21: Import Getting Started Content] INFO  o.e.m.j.i.AbstractJavaProjectConfigurator - Adding resource folder /Employee-Backend/src/main/resources
2024-09-26 15:21:00,139 [Worker-21: Import Getting Started Content] INFO  o.e.m.j.i.AbstractJavaProjectConfigurator - Adding resource folder /Employee-Backend/src/main/resources
2024-09-26 15:21:00,144 [Worker-21: Import Getting Started Content] INFO  o.e.m.j.i.AbstractJavaProjectConfigurator - Adding source folder /Employee-Backend/src/test/java
2024-09-26 15:21:00,146 [Worker-21: Import Getting Started Content] INFO  o.e.m.j.i.AbstractJavaProjectConfigurator - Adding resource folder /Employee-Backend/src/test/resources
2024-09-26 15:21:00,819 [Worker-21: Import Getting Started Content] INFO  o.e.m.c.i.p.ProjectConfigurationManager - Imported and configured 1 project(s) in 6 sec
2024-09-26 15:21:00,822 [Worker-21: Import Getting Started Content] INFO  o.e.m.c.i.p.ProjectConfigurationManager - Update started
2024-09-26 15:21:01,724 [Worker-21: Import Getting Started Content] INFO  o.e.m.c.i.l.LifecycleMappingFactory - Using org.eclipse.m2e.jdt.JarLifecycleMapping lifecycle mapping for MavenProject: com.employee.www:Employee-Backend:0.0.1-SNAPSHOT @ H:\PROJECTS\EMPLOYEE-MANAGAMENT-SYSTEM\SpringBoot-BackEnd\Employee-Backend\pom.xml.
2024-09-26 15:21:03,111 [Worker-21: Import Getting Started Content] INFO  o.e.m.j.i.AbstractJavaProjectConfigurator - Adding source folder /Employee-Backend/src/main/java
2024-09-26 15:21:03,112 [Worker-21: Import Getting Started Content] INFO  o.e.m.j.i.AbstractJavaProjectConfigurator - Adding resource folder /Employee-Backend/src/main/resources
2024-09-26 15:21:03,114 [Worker-21: Import Getting Started Content] INFO  o.e.m.j.i.AbstractJavaProjectConfigurator - Adding resource folder /Employee-Backend/src/main/resources
2024-09-26 15:21:03,115 [Worker-21: Import Getting Started Content] INFO  o.e.m.j.i.AbstractJavaProjectConfigurator - Adding source folder /Employee-Backend/src/test/java
2024-09-26 15:21:03,116 [Worker-21: Import Getting Started Content] INFO  o.e.m.j.i.AbstractJavaProjectConfigurator - Adding resource folder /Employee-Backend/src/test/resources
2024-09-26 15:21:03,967 [Worker-21: Import Getting Started Content] INFO  o.e.m.c.i.p.ProjectConfigurationManager - Update completed for 1 poms: local refresh takes 0.00 sec, refresh facades takes 2.00 sec, update config takes 0.00 sec 
2024-09-26 15:21:04,651 [Worker-22: Building] INFO  o.a.m.s.f.DefaultMavenResourcesFiltering - Copying 1 resource from src\main\resources to target\classes
2024-09-26 15:21:04,687 [Worker-22: Building] INFO  o.a.m.s.f.DefaultMavenResourcesFiltering - Copying 0 resource from src\main\resources to target\classes
2024-09-26 15:21:04,698 [Worker-22: Building] INFO  o.a.m.s.f.DefaultMavenResourcesFiltering - skip non existing resourceDirectory H:\PROJECTS\EMPLOYEE-MANAGAMENT-SYSTEM\SpringBoot-BackEnd\Employee-Backend\src\test\resources
2024-09-26 15:23:28,196 [Worker-19: Import Getting Started Content] INFO  o.e.m.c.i.l.LifecycleMappingFactory - Using org.eclipse.m2e.jdt.JarLifecycleMapping lifecycle mapping for MavenProject: com.employee.www:Employee-Backend:0.0.1-SNAPSHOT @ H:\PROJECTS\EMPLOYEE-MANAGAMENT-SYSTEM\SpringBoot-BackEnd\Employee-Backend\pom.xml.
2024-09-26 15:23:30,353 [Worker-19: Import Getting Started Content] INFO  o.e.m.j.i.AbstractJavaProjectConfigurator - Adding source folder /Employee-Backend/src/main/java
2024-09-26 15:23:30,354 [Worker-19: Import Getting Started Content] INFO  o.e.m.j.i.AbstractJavaProjectConfigurator - Adding resource folder /Employee-Backend/src/main/resources
2024-09-26 15:23:30,360 [Worker-19: Import Getting Started Content] INFO  o.e.m.j.i.AbstractJavaProjectConfigurator - Adding resource folder /Employee-Backend/src/main/resources
2024-09-26 15:23:30,368 [Worker-19: Import Getting Started Content] INFO  o.e.m.j.i.AbstractJavaProjectConfigurator - Adding source folder /Employee-Backend/src/test/java
2024-09-26 15:23:30,370 [Worker-19: Import Getting Started Content] INFO  o.e.m.j.i.AbstractJavaProjectConfigurator - Adding resource folder /Employee-Backend/src/test/resources
2024-09-26 15:23:31,089 [Worker-19: Import Getting Started Content] INFO  o.e.m.c.i.p.ProjectConfigurationManager - Imported and configured 1 project(s) in 4 sec
2024-09-26 15:23:31,092 [Worker-19: Import Getting Started Content] INFO  o.e.m.c.i.p.ProjectConfigurationManager - Update started
2024-09-26 15:23:31,807 [Worker-19: Import Getting Started Content] INFO  o.e.m.c.i.l.LifecycleMappingFactory - Using org.eclipse.m2e.jdt.JarLifecycleMapping lifecycle mapping for MavenProject: com.employee.www:Employee-Backend:0.0.1-SNAPSHOT @ H:\PROJECTS\EMPLOYEE-MANAGAMENT-SYSTEM\SpringBoot-BackEnd\Employee-Backend\pom.xml.
2024-09-26 15:23:33,107 [Worker-19: Import Getting Started Content] INFO  o.e.m.j.i.AbstractJavaProjectConfigurator - Adding source folder /Employee-Backend/src/main/java
2024-09-26 15:23:33,108 [Worker-19: Import Getting Started Content] INFO  o.e.m.j.i.AbstractJavaProjectConfigurator - Adding resource folder /Employee-Backend/src/main/resources
2024-09-26 15:23:33,109 [Worker-19: Import Getting Started Content] INFO  o.e.m.j.i.AbstractJavaProjectConfigurator - Adding resource folder /Employee-Backend/src/main/resources
2024-09-26 15:23:33,109 [Worker-19: Import Getting Started Content] INFO  o.e.m.j.i.AbstractJavaProjectConfigurator - Adding source folder /Employee-Backend/src/test/java
2024-09-26 15:23:33,111 [Worker-19: Import Getting Started Content] INFO  o.e.m.j.i.AbstractJavaProjectConfigurator - Adding resource folder /Employee-Backend/src/test/resources
2024-09-26 15:23:33,779 [Worker-19: Import Getting Started Content] INFO  o.e.m.c.i.p.ProjectConfigurationManager - Update completed for 1 poms: local refresh takes 0.00 sec, refresh facades takes 1.00 sec, update config takes 0.00 sec 
2024-09-26 15:23:34,383 [Worker-22: Building] INFO  o.a.m.s.f.DefaultMavenResourcesFiltering - Copying 1 resource from src\main\resources to target\classes
2024-09-26 15:23:34,408 [Worker-22: Building] INFO  o.a.m.s.f.DefaultMavenResourcesFiltering - Copying 0 resource from src\main\resources to target\classes
2024-09-26 15:23:34,418 [Worker-22: Building] INFO  o.a.m.s.f.DefaultMavenResourcesFiltering - skip non existing resourceDirectory H:\PROJECTS\EMPLOYEE-MANAGAMENT-SYSTEM\SpringBoot-BackEnd\Employee-Backend\src\test\resources
2024-09-26 15:39:45,787 [Worker-29: Building] INFO  o.a.m.s.f.DefaultMavenResourcesFiltering - Copying 1 resource from src\main\resources to target\classes
2024-09-26 15:39:46,123 [Worker-29: Building] INFO  o.a.m.s.f.DefaultMavenResourcesFiltering - Copying 0 resource from src\main\resources to target\classes
2024-09-26 15:39:46,135 [Worker-29: Building] INFO  o.a.m.s.f.DefaultMavenResourcesFiltering - skip non existing resourceDirectory H:\PROJECTS\EMPLOYEE-MANAGAMENT-SYSTEM\SpringBoot-BackEnd\Employee-Backend\src\test\resources
2024-09-26 15:46:09,342 [Worker-37: Building] INFO  o.a.m.s.f.DefaultMavenResourcesFiltering - Copying 1 resource from src\main\resources to target\classes
2024-09-26 15:46:09,687 [Worker-37: Building] INFO  o.a.m.s.f.DefaultMavenResourcesFiltering - Copying 0 resource from src\main\resources to target\classes
2024-09-26 15:46:09,694 [Worker-37: Building] INFO  o.a.m.s.f.DefaultMavenResourcesFiltering - skip non existing resourceDirectory H:\PROJECTS\EMPLOYEE-MANAGAMENT-SYSTEM\SpringBoot-BackEnd\Employee-Backend\src\test\resources
2024-09-26 15:46:36,354 [Worker-35: Building] INFO  o.a.m.s.f.DefaultMavenResourcesFiltering - Copying 1 resource from src\main\resources to target\classes
2024-09-26 15:46:36,370 [Worker-35: Building] INFO  o.a.m.s.f.DefaultMavenResourcesFiltering - Copying 0 resource from src\main\resources to target\classes
2024-09-26 15:46:36,377 [Worker-35: Building] INFO  o.a.m.s.f.DefaultMavenResourcesFiltering - skip non existing resourceDirectory H:\PROJECTS\EMPLOYEE-MANAGAMENT-SYSTEM\SpringBoot-BackEnd\Employee-Backend\src\test\resources
2024-09-26 15:46:41,919 [Worker-37: Building] INFO  o.a.m.s.f.DefaultMavenResourcesFiltering - Copying 1 resource from src\main\resources to target\classes
2024-09-26 15:46:42,170 [Worker-37: Building] INFO  o.a.m.s.f.DefaultMavenResourcesFiltering - Copying 0 resource from src\main\resources to target\classes
2024-09-26 15:46:42,179 [Worker-37: Building] INFO  o.a.m.s.f.DefaultMavenResourcesFiltering - skip non existing resourceDirectory H:\PROJECTS\EMPLOYEE-MANAGAMENT-SYSTEM\SpringBoot-BackEnd\Employee-Backend\src\test\resources
2024-09-26 15:46:59,628 [Worker-37: Building] INFO  o.a.m.s.f.DefaultMavenResourcesFiltering - Copying 1 resource from src\main\resources to target\classes
2024-09-26 15:46:59,865 [Worker-37: Building] INFO  o.a.m.s.f.DefaultMavenResourcesFiltering - Copying 0 resource from src\main\resources to target\classes
2024-09-26 15:46:59,873 [Worker-37: Building] INFO  o.a.m.s.f.DefaultMavenResourcesFiltering - skip non existing resourceDirectory H:\PROJECTS\EMPLOYEE-MANAGAMENT-SYSTEM\SpringBoot-BackEnd\Employee-Backend\src\test\resources
2024-09-26 15:48:02,774 [Worker-29: Building] INFO  o.a.m.s.f.DefaultMavenResourcesFiltering - Copying 1 resource from src\main\resources to target\classes
2024-09-26 15:48:02,787 [Worker-29: Building] INFO  o.a.m.s.f.DefaultMavenResourcesFiltering - Copying 0 resource from src\main\resources to target\classes
2024-09-26 15:48:02,793 [Worker-29: Building] INFO  o.a.m.s.f.DefaultMavenResourcesFiltering - skip non existing resourceDirectory H:\PROJECTS\EMPLOYEE-MANAGAMENT-SYSTEM\SpringBoot-BackEnd\Employee-Backend\src\test\resources
2024-09-26 15:49:18,141 [Worker-38: Building] INFO  o.a.m.s.f.DefaultMavenResourcesFiltering - Copying 1 resource from src\main\resources to target\classes
2024-09-26 15:49:18,159 [Worker-38: Building] INFO  o.a.m.s.f.DefaultMavenResourcesFiltering - Copying 0 resource from src\main\resources to target\classes
2024-09-26 15:49:18,170 [Worker-38: Building] INFO  o.a.m.s.f.DefaultMavenResourcesFiltering - skip non existing resourceDirectory H:\PROJECTS\EMPLOYEE-MANAGAMENT-SYSTEM\SpringBoot-BackEnd\Employee-Backend\src\test\resources
2024-09-26 15:54:05,956 [Worker-41: Building] INFO  o.a.m.s.f.DefaultMavenResourcesFiltering - Copying 1 resource from src\main\resources to target\classes
2024-09-26 15:54:06,003 [Worker-41: Building] INFO  o.a.m.s.f.DefaultMavenResourcesFiltering - Copying 0 resource from src\main\resources to target\classes
2024-09-26 15:54:06,011 [Worker-41: Building] INFO  o.a.m.s.f.DefaultMavenResourcesFiltering - skip non existing resourceDirectory H:\PROJECTS\EMPLOYEE-MANAGAMENT-SYSTEM\SpringBoot-BackEnd\Employee-Backend\src\test\resources
2024-09-26 16:00:03,752 [Worker-36: Building] INFO  o.a.m.s.f.DefaultMavenResourcesFiltering - Copying 1 resource from src\main\resources to target\classes
2024-09-26 16:00:04,472 [Worker-36: Building] INFO  o.a.m.s.f.DefaultMavenResourcesFiltering - Copying 0 resource from src\main\resources to target\classes
2024-09-26 16:00:04,484 [Worker-36: Building] INFO  o.a.m.s.f.DefaultMavenResourcesFiltering - skip non existing resourceDirectory H:\PROJECTS\EMPLOYEE-MANAGAMENT-SYSTEM\SpringBoot-BackEnd\Employee-Backend\src\test\resources
2024-09-26 16:01:19,781 [Worker-46: Building] INFO  o.a.m.s.f.DefaultMavenResourcesFiltering - Copying 1 resource from src\main\resources to target\classes
2024-09-26 16:01:20,278 [Worker-46: Building] INFO  o.a.m.s.f.DefaultMavenResourcesFiltering - Copying 0 resource from src\main\resources to target\classes
2024-09-26 16:01:20,292 [Worker-46: Building] INFO  o.a.m.s.f.DefaultMavenResourcesFiltering - skip non existing resourceDirectory H:\PROJECTS\EMPLOYEE-MANAGAMENT-SYSTEM\SpringBoot-BackEnd\Employee-Backend\src\test\resources
2024-09-26 16:02:12,058 [Worker-41: Building] INFO  o.a.m.s.f.DefaultMavenResourcesFiltering - Copying 1 resource from src\main\resources to target\classes
2024-09-26 16:02:12,431 [Worker-41: Building] INFO  o.a.m.s.f.DefaultMavenResourcesFiltering - Copying 0 resource from src\main\resources to target\classes
2024-09-26 16:02:12,438 [Worker-41: Building] INFO  o.a.m.s.f.DefaultMavenResourcesFiltering - skip non existing resourceDirectory H:\PROJECTS\EMPLOYEE-MANAGAMENT-SYSTEM\SpringBoot-BackEnd\Employee-Backend\src\test\resources
2024-09-26 16:03:03,393 [Worker-36: Building] INFO  o.a.m.s.f.DefaultMavenResourcesFiltering - Copying 1 resource from src\main\resources to target\classes
2024-09-26 16:03:03,407 [Worker-36: Building] INFO  o.a.m.s.f.DefaultMavenResourcesFiltering - Copying 0 resource from src\main\resources to target\classes
2024-09-26 16:03:03,411 [Worker-36: Building] INFO  o.a.m.s.f.DefaultMavenResourcesFiltering - skip non existing resourceDirectory H:\PROJECTS\EMPLOYEE-MANAGAMENT-SYSTEM\SpringBoot-BackEnd\Employee-Backend\src\test\resources
2024-09-26 16:04:26,538 [Worker-44: Building] INFO  o.a.m.s.f.DefaultMavenResourcesFiltering - Copying 1 resource from src\main\resources to target\classes
2024-09-26 16:04:26,620 [Worker-44: Building] INFO  o.a.m.s.f.DefaultMavenResourcesFiltering - Copying 0 resource from src\main\resources to target\classes
2024-09-26 16:04:26,626 [Worker-44: Building] INFO  o.a.m.s.f.DefaultMavenResourcesFiltering - skip non existing resourceDirectory H:\PROJECTS\EMPLOYEE-MANAGAMENT-SYSTEM\SpringBoot-BackEnd\Employee-Backend\src\test\resources
2024-09-26 16:07:34,968 [Worker-3: Loading available Gradle versions] INFO  o.e.b.c.i.u.g.PublishedGradleVersions - Gradle version information cache is up-to-date. Trying to read.
2024-09-26 16:08:22,277 [Worker-6: Building] INFO  o.a.m.s.f.DefaultMavenResourcesFiltering - Copying 1 resource from src\main\resources to target\classes
2024-09-26 16:08:22,353 [Worker-6: Building] INFO  o.a.m.s.f.DefaultMavenResourcesFiltering - Copying 0 resource from src\main\resources to target\classes
2024-09-26 16:08:22,366 [Worker-6: Building] INFO  o.a.m.s.f.DefaultMavenResourcesFiltering - skip non existing resourceDirectory H:\PROJECTS\EMPLOYEE-MANAGAMENT-SYSTEM\SpringBoot-BackEnd\Employee-Backend\src\test\resources
2024-09-26 16:09:15,541 [Worker-4: Building] INFO  o.a.m.s.f.DefaultMavenResourcesFiltering - Copying 1 resource from src\main\resources to target\classes
2024-09-26 16:09:15,554 [Worker-4: Building] INFO  o.a.m.s.f.DefaultMavenResourcesFiltering - Copying 0 resource from src\main\resources to target\classes
2024-09-26 16:09:15,561 [Worker-4: Building] INFO  o.a.m.s.f.DefaultMavenResourcesFiltering - skip non existing resourceDirectory H:\PROJECTS\EMPLOYEE-MANAGAMENT-SYSTEM\SpringBoot-BackEnd\Employee-Backend\src\test\resources
2024-09-26 16:10:00,398 [Worker-3: Building] INFO  o.a.m.s.f.DefaultMavenResourcesFiltering - Copying 1 resource from src\main\resources to target\classes
2024-09-26 16:10:00,408 [Worker-3: Building] INFO  o.a.m.s.f.DefaultMavenResourcesFiltering - Copying 0 resource from src\main\resources to target\classes
2024-09-26 16:10:00,416 [Worker-3: Building] INFO  o.a.m.s.f.DefaultMavenResourcesFiltering - skip non existing resourceDirectory H:\PROJECTS\EMPLOYEE-MANAGAMENT-SYSTEM\SpringBoot-BackEnd\Employee-Backend\src\test\resources
2024-09-26 16:11:22,964 [Worker-8: Building] INFO  o.a.m.s.f.DefaultMavenResourcesFiltering - Copying 1 resource from src\main\resources to target\classes
2024-09-26 16:11:22,980 [Worker-8: Building] INFO  o.a.m.s.f.DefaultMavenResourcesFiltering - Copying 0 resource from src\main\resources to target\classes
2024-09-26 16:11:22,988 [Worker-8: Building] INFO  o.a.m.s.f.DefaultMavenResourcesFiltering - skip non existing resourceDirectory H:\PROJECTS\EMPLOYEE-MANAGAMENT-SYSTEM\SpringBoot-BackEnd\Employee-Backend\src\test\resources
2024-09-26 16:12:07,570 [Worker-5: Building] INFO  o.a.m.s.f.DefaultMavenResourcesFiltering - Copying 1 resource from src\main\resources to target\classes
2024-09-26 16:12:07,583 [Worker-5: Building] INFO  o.a.m.s.f.DefaultMavenResourcesFiltering - Copying 0 resource from src\main\resources to target\classes
2024-09-26 16:12:07,592 [Worker-5: Building] INFO  o.a.m.s.f.DefaultMavenResourcesFiltering - skip non existing resourceDirectory H:\PROJECTS\EMPLOYEE-MANAGAMENT-SYSTEM\SpringBoot-BackEnd\Employee-Backend\src\test\resources
2024-09-26 19:09:47,535 [Worker-0: Loading available Gradle versions] INFO  o.e.b.c.i.u.g.PublishedGradleVersions - Gradle version information cache is up-to-date. Trying to read.
2024-09-26 19:20:32,520 [Worker-4: Building] INFO  o.a.m.s.f.DefaultMavenResourcesFiltering - Copying 1 resource from src\main\resources to target\classes
2024-09-26 19:20:32,621 [Worker-4: Building] INFO  o.a.m.s.f.DefaultMavenResourcesFiltering - Copying 0 resource from src\main\resources to target\classes
2024-09-26 19:20:32,664 [Worker-4: Building] INFO  o.a.m.s.f.DefaultMavenResourcesFiltering - skip non existing resourceDirectory H:\PROJECTS\EMPLOYEE-MANAGAMENT-SYSTEM\SpringBoot-BackEnd\Employee-Backend\src\test\resources
2024-09-26 19:24:11,709 [Worker-12: Building] INFO  o.a.m.s.f.DefaultMavenResourcesFiltering - Copying 1 resource from src\main\resources to target\classes
2024-09-26 19:24:11,781 [Worker-12: Building] INFO  o.a.m.s.f.DefaultMavenResourcesFiltering - Copying 0 resource from src\main\resources to target\classes
2024-09-26 19:24:11,796 [Worker-12: Building] INFO  o.a.m.s.f.DefaultMavenResourcesFiltering - skip non existing resourceDirectory H:\PROJECTS\EMPLOYEE-MANAGAMENT-SYSTEM\SpringBoot-BackEnd\Employee-Backend\src\test\resources
2024-09-26 19:25:23,615 [Worker-15: Building] INFO  o.a.m.s.f.DefaultMavenResourcesFiltering - Copying 1 resource from src\main\resources to target\classes
2024-09-26 19:25:23,628 [Worker-15: Building] INFO  o.a.m.s.f.DefaultMavenResourcesFiltering - Copying 0 resource from src\main\resources to target\classes
2024-09-26 19:25:23,636 [Worker-15: Building] INFO  o.a.m.s.f.DefaultMavenResourcesFiltering - skip non existing resourceDirectory H:\PROJECTS\EMPLOYEE-MANAGAMENT-SYSTEM\SpringBoot-BackEnd\Employee-Backend\src\test\resources
2024-09-26 19:25:44,420 [Worker-14: Building] INFO  o.a.m.s.f.DefaultMavenResourcesFiltering - Copying 1 resource from src\main\resources to target\classes
2024-09-26 19:25:44,431 [Worker-14: Building] INFO  o.a.m.s.f.DefaultMavenResourcesFiltering - Copying 0 resource from src\main\resources to target\classes
2024-09-26 19:25:44,437 [Worker-14: Building] INFO  o.a.m.s.f.DefaultMavenResourcesFiltering - skip non existing resourceDirectory H:\PROJECTS\EMPLOYEE-MANAGAMENT-SYSTEM\SpringBoot-BackEnd\Employee-Backend\src\test\resources
2024-09-26 19:26:46,745 [Worker-16: Building] INFO  o.a.m.s.f.DefaultMavenResourcesFiltering - Copying 1 resource from src\main\resources to target\classes
2024-09-26 19:26:46,761 [Worker-16: Building] INFO  o.a.m.s.f.DefaultMavenResourcesFiltering - Copying 0 resource from src\main\resources to target\classes
2024-09-26 19:26:46,769 [Worker-16: Building] INFO  o.a.m.s.f.DefaultMavenResourcesFiltering - skip non existing resourceDirectory H:\PROJECTS\EMPLOYEE-MANAGAMENT-SYSTEM\SpringBoot-BackEnd\Employee-Backend\src\test\resources
2024-09-26 19:27:36,067 [Worker-16: Building] INFO  o.a.m.s.f.DefaultMavenResourcesFiltering - Copying 1 resource from src\main\resources to target\classes
2024-09-26 19:27:36,078 [Worker-16: Building] INFO  o.a.m.s.f.DefaultMavenResourcesFiltering - Copying 0 resource from src\main\resources to target\classes
2024-09-26 19:27:36,084 [Worker-16: Building] INFO  o.a.m.s.f.DefaultMavenResourcesFiltering - skip non existing resourceDirectory H:\PROJECTS\EMPLOYEE-MANAGAMENT-SYSTEM\SpringBoot-BackEnd\Employee-Backend\src\test\resources
2024-09-26 19:28:43,882 [Worker-4: Building] INFO  o.a.m.s.f.DefaultMavenResourcesFiltering - Copying 1 resource from src\main\resources to target\classes
2024-09-26 19:28:43,896 [Worker-4: Building] INFO  o.a.m.s.f.DefaultMavenResourcesFiltering - Copying 0 resource from src\main\resources to target\classes
2024-09-26 19:28:43,909 [Worker-4: Building] INFO  o.a.m.s.f.DefaultMavenResourcesFiltering - skip non existing resourceDirectory H:\PROJECTS\EMPLOYEE-MANAGAMENT-SYSTEM\SpringBoot-BackEnd\Employee-Backend\src\test\resources
2024-09-26 19:29:41,477 [Worker-14: Building] INFO  o.a.m.s.f.DefaultMavenResourcesFiltering - Copying 1 resource from src\main\resources to target\classes
2024-09-26 19:29:41,489 [Worker-14: Building] INFO  o.a.m.s.f.DefaultMavenResourcesFiltering - Copying 0 resource from src\main\resources to target\classes
2024-09-26 19:29:41,499 [Worker-14: Building] INFO  o.a.m.s.f.DefaultMavenResourcesFiltering - skip non existing resourceDirectory H:\PROJECTS\EMPLOYEE-MANAGAMENT-SYSTEM\SpringBoot-BackEnd\Employee-Backend\src\test\resources
2024-09-26 19:30:20,882 [Worker-12: Building] INFO  o.a.m.s.f.DefaultMavenResourcesFiltering - Copying 1 resource from src\main\resources to target\classes
2024-09-26 19:30:20,920 [Worker-12: Building] INFO  o.a.m.s.f.DefaultMavenResourcesFiltering - Copying 0 resource from src\main\resources to target\classes
2024-09-26 19:30:20,933 [Worker-12: Building] INFO  o.a.m.s.f.DefaultMavenResourcesFiltering - skip non existing resourceDirectory H:\PROJECTS\EMPLOYEE-MANAGAMENT-SYSTEM\SpringBoot-BackEnd\Employee-Backend\src\test\resources
2024-09-26 19:30:26,444 [Worker-4: Building] INFO  o.a.m.s.f.DefaultMavenResourcesFiltering - Copying 1 resource from src\main\resources to target\classes
2024-09-26 19:30:26,456 [Worker-4: Building] INFO  o.a.m.s.f.DefaultMavenResourcesFiltering - Copying 0 resource from src\main\resources to target\classes
2024-09-26 19:30:26,465 [Worker-4: Building] INFO  o.a.m.s.f.DefaultMavenResourcesFiltering - skip non existing resourceDirectory H:\PROJECTS\EMPLOYEE-MANAGAMENT-SYSTEM\SpringBoot-BackEnd\Employee-Backend\src\test\resources
2024-09-26 19:33:14,187 [Worker-12: Building] INFO  o.a.m.s.f.DefaultMavenResourcesFiltering - Copying 1 resource from src\main\resources to target\classes
2024-09-26 19:33:14,236 [Worker-12: Building] INFO  o.a.m.s.f.DefaultMavenResourcesFiltering - Copying 0 resource from src\main\resources to target\classes
2024-09-26 19:33:14,262 [Worker-12: Building] INFO  o.a.m.s.f.DefaultMavenResourcesFiltering - skip non existing resourceDirectory H:\PROJECTS\EMPLOYEE-MANAGAMENT-SYSTEM\SpringBoot-BackEnd\Employee-Backend\src\test\resources
2024-09-26 19:33:48,053 [Worker-4: Building] INFO  o.a.m.s.f.DefaultMavenResourcesFiltering - Copying 1 resource from src\main\resources to target\classes
2024-09-26 19:33:48,069 [Worker-4: Building] INFO  o.a.m.s.f.DefaultMavenResourcesFiltering - Copying 0 resource from src\main\resources to target\classes
2024-09-26 19:33:48,080 [Worker-4: Building] INFO  o.a.m.s.f.DefaultMavenResourcesFiltering - skip non existing resourceDirectory H:\PROJECTS\EMPLOYEE-MANAGAMENT-SYSTEM\SpringBoot-BackEnd\Employee-Backend\src\test\resources
2024-09-26 19:34:47,594 [Worker-4: Building] INFO  o.a.m.s.f.DefaultMavenResourcesFiltering - Copying 1 resource from src\main\resources to target\classes
2024-09-26 19:34:47,654 [Worker-4: Building] INFO  o.a.m.s.f.DefaultMavenResourcesFiltering - Copying 0 resource from src\main\resources to target\classes
2024-09-26 19:34:47,678 [Worker-4: Building] INFO  o.a.m.s.f.DefaultMavenResourcesFiltering - skip non existing resourceDirectory H:\PROJECTS\EMPLOYEE-MANAGAMENT-SYSTEM\SpringBoot-BackEnd\Employee-Backend\src\test\resources
2024-09-26 19:35:09,143 [Worker-14: Building] INFO  o.a.m.s.f.DefaultMavenResourcesFiltering - Copying 1 resource from src\main\resources to target\classes
2024-09-26 19:35:09,172 [Worker-14: Building] INFO  o.a.m.s.f.DefaultMavenResourcesFiltering - Copying 0 resource from src\main\resources to target\classes
2024-09-26 19:35:09,203 [Worker-14: Building] INFO  o.a.m.s.f.DefaultMavenResourcesFiltering - skip non existing resourceDirectory H:\PROJECTS\EMPLOYEE-MANAGAMENT-SYSTEM\SpringBoot-BackEnd\Employee-Backend\src\test\resources
2024-09-26 19:35:14,508 [Worker-16: Building] INFO  o.a.m.s.f.DefaultMavenResourcesFiltering - Copying 1 resource from src\main\resources to target\classes
2024-09-26 19:35:14,537 [Worker-16: Building] INFO  o.a.m.s.f.DefaultMavenResourcesFiltering - Copying 0 resource from src\main\resources to target\classes
2024-09-26 19:35:14,565 [Worker-16: Building] INFO  o.a.m.s.f.DefaultMavenResourcesFiltering - skip non existing resourceDirectory H:\PROJECTS\EMPLOYEE-MANAGAMENT-SYSTEM\SpringBoot-BackEnd\Employee-Backend\src\test\resources
2024-09-26 19:40:09,450 [Worker-19: Building] INFO  o.a.m.s.f.DefaultMavenResourcesFiltering - Copying 1 resource from src\main\resources to target\classes
2024-09-26 19:40:09,468 [Worker-19: Building] INFO  o.a.m.s.f.DefaultMavenResourcesFiltering - Copying 0 resource from src\main\resources to target\classes
2024-09-26 19:40:09,474 [Worker-19: Building] INFO  o.a.m.s.f.DefaultMavenResourcesFiltering - skip non existing resourceDirectory H:\PROJECTS\EMPLOYEE-MANAGAMENT-SYSTEM\SpringBoot-BackEnd\Employee-Backend\src\test\resources
2024-09-26 19:40:52,177 [Worker-15: Building] INFO  o.a.m.s.f.DefaultMavenResourcesFiltering - Copying 1 resource from src\main\resources to target\classes
2024-09-26 19:40:52,189 [Worker-15: Building] INFO  o.a.m.s.f.DefaultMavenResourcesFiltering - Copying 0 resource from src\main\resources to target\classes
2024-09-26 19:40:52,196 [Worker-15: Building] INFO  o.a.m.s.f.DefaultMavenResourcesFiltering - skip non existing resourceDirectory H:\PROJECTS\EMPLOYEE-MANAGAMENT-SYSTEM\SpringBoot-BackEnd\Employee-Backend\src\test\resources
2024-09-26 19:41:28,501 [Worker-14: Building] INFO  o.a.m.s.f.DefaultMavenResourcesFiltering - Copying 1 resource from src\main\resources to target\classes
2024-09-26 19:41:28,511 [Worker-14: Building] INFO  o.a.m.s.f.DefaultMavenResourcesFiltering - Copying 0 resource from src\main\resources to target\classes
2024-09-26 19:41:28,517 [Worker-14: Building] INFO  o.a.m.s.f.DefaultMavenResourcesFiltering - skip non existing resourceDirectory H:\PROJECTS\EMPLOYEE-MANAGAMENT-SYSTEM\SpringBoot-BackEnd\Employee-Backend\src\test\resources
2024-09-26 19:42:10,505 [Worker-18: Building] INFO  o.a.m.s.f.DefaultMavenResourcesFiltering - Copying 1 resource from src\main\resources to target\classes
2024-09-26 19:42:10,517 [Worker-18: Building] INFO  o.a.m.s.f.DefaultMavenResourcesFiltering - Copying 0 resource from src\main\resources to target\classes
2024-09-26 19:42:10,523 [Worker-18: Building] INFO  o.a.m.s.f.DefaultMavenResourcesFiltering - skip non existing resourceDirectory H:\PROJECTS\EMPLOYEE-MANAGAMENT-SYSTEM\SpringBoot-BackEnd\Employee-Backend\src\test\resources
2024-09-26 23:19:51,361 [Worker-4: Loading available Gradle versions] INFO  o.e.b.c.i.u.g.PublishedGradleVersions - Gradle version information cache is up-to-date. Trying to read.
2024-09-26 23:21:39,550 [Worker-9: Building] INFO  o.a.m.s.f.DefaultMavenResourcesFiltering - Copying 1 resource from src\main\resources to target\classes
2024-09-26 23:21:39,611 [Worker-9: Building] INFO  o.a.m.s.f.DefaultMavenResourcesFiltering - Copying 0 resource from src\main\resources to target\classes
2024-09-26 23:21:39,623 [Worker-9: Building] INFO  o.a.m.s.f.DefaultMavenResourcesFiltering - skip non existing resourceDirectory H:\PROJECTS\EMPLOYEE-MANAGAMENT-SYSTEM\SpringBoot-BackEnd\Employee-Backend\src\test\resources
2024-09-26 23:53:47,992 [Worker-18: Building] INFO  o.a.m.s.f.DefaultMavenResourcesFiltering - Copying 1 resource from src\main\resources to target\classes
2024-09-26 23:53:48,100 [Worker-18: Building] INFO  o.a.m.s.f.DefaultMavenResourcesFiltering - Copying 0 resource from src\main\resources to target\classes
2024-09-26 23:53:48,107 [Worker-18: Building] INFO  o.a.m.s.f.DefaultMavenResourcesFiltering - skip non existing resourceDirectory H:\PROJECTS\EMPLOYEE-MANAGAMENT-SYSTEM\SpringBoot-BackEnd\Employee-Backend\src\test\resources
